<?xml version="1.0" encoding="UTF-8"?>
<!-- Generated by org.testng.reporters.JUnitReportReporter -->
<testsuite hostname="LAPTOP-GA4HMSSR" failures="0" tests="3" name="com.qa.parallel.CrossBrowser" time="18.791" errors="0" timestamp="2022-09-01T00:41:44 IST" skipped="0">
  <testcase classname="com.qa.parallel.CrossBrowser" name="verifyTitel1" time="6.623"/>
  <system-out/>
  <testcase classname="com.qa.parallel.CrossBrowser" name="verifyTitel1" time="7.908"/>
  <system-out/>
  <testcase classname="com.qa.parallel.CrossBrowser" name="verifyTitel1" time="4.260"/>
  <system-out/>
</testsuite> <!-- com.qa.parallel.CrossBrowser -->
